<?xml version="1.0" encoding="UTF-8"?>
<testsuite xmlns:xsi="http://www.w3.org/2001/XMLSchema-instance" xsi:noNamespaceSchemaLocation="https://maven.apache.org/surefire/maven-surefire-plugin/xsd/surefire-test-report.xsd" version="3.0.2" name="com.amcclelland.ste_server.SteServerApplicationTests" time="12.465" tests="1" errors="0" skipped="0" failures="0">
  <properties>
    <property name="java.specification.version" value="17"/>
    <property name="sun.jnu.encoding" value="UTF-8"/>
    <property name="java.class.path" value="/Users/andrewmcclelland/Documents/spotify-track-explorer/ste-server/target/test-classes:/Users/andrewmcclelland/Documents/spotify-track-explorer/ste-server/target/classes:/Users/andrewmcclelland/.m2/repository/org/springframework/boot/spring-boot-starter-web/3.5.5/spring-boot-starter-web-3.5.5.jar:/Users/andrewmcclelland/.m2/repository/org/springframework/boot/spring-boot-starter/3.5.5/spring-boot-starter-3.5.5.jar:/Users/andrewmcclelland/.m2/repository/org/springframework/boot/spring-boot/3.5.5/spring-boot-3.5.5.jar:/Users/andrewmcclelland/.m2/repository/org/springframework/boot/spring-boot-autoconfigure/3.5.5/spring-boot-autoconfigure-3.5.5.jar:/Users/andrewmcclelland/.m2/repository/org/springframework/boot/spring-boot-starter-logging/3.5.5/spring-boot-starter-logging-3.5.5.jar:/Users/andrewmcclelland/.m2/repository/ch/qos/logback/logback-classic/1.5.18/logback-classic-1.5.18.jar:/Users/andrewmcclelland/.m2/repository/ch/qos/logback/logback-core/1.5.18/logback-core-1.5.18.jar:/Users/andrewmcclelland/.m2/repository/org/apache/logging/log4j/log4j-to-slf4j/2.24.3/log4j-to-slf4j-2.24.3.jar:/Users/andrewmcclelland/.m2/repository/org/apache/logging/log4j/log4j-api/2.24.3/log4j-api-2.24.3.jar:/Users/andrewmcclelland/.m2/repository/org/slf4j/jul-to-slf4j/2.0.17/jul-to-slf4j-2.0.17.jar:/Users/andrewmcclelland/.m2/repository/jakarta/annotation/jakarta.annotation-api/2.1.1/jakarta.annotation-api-2.1.1.jar:/Users/andrewmcclelland/.m2/repository/org/yaml/snakeyaml/2.4/snakeyaml-2.4.jar:/Users/andrewmcclelland/.m2/repository/org/springframework/boot/spring-boot-starter-json/3.5.5/spring-boot-starter-json-3.5.5.jar:/Users/andrewmcclelland/.m2/repository/com/fasterxml/jackson/datatype/jackson-datatype-jdk8/2.19.2/jackson-datatype-jdk8-2.19.2.jar:/Users/andrewmcclelland/.m2/repository/com/fasterxml/jackson/datatype/jackson-datatype-jsr310/2.19.2/jackson-datatype-jsr310-2.19.2.jar:/Users/andrewmcclelland/.m2/repository/com/fasterxml/jackson/module/jackson-module-parameter-names/2.19.2/jackson-module-parameter-names-2.19.2.jar:/Users/andrewmcclelland/.m2/repository/org/springframework/boot/spring-boot-starter-tomcat/3.5.5/spring-boot-starter-tomcat-3.5.5.jar:/Users/andrewmcclelland/.m2/repository/org/apache/tomcat/embed/tomcat-embed-core/10.1.44/tomcat-embed-core-10.1.44.jar:/Users/andrewmcclelland/.m2/repository/org/apache/tomcat/embed/tomcat-embed-el/10.1.44/tomcat-embed-el-10.1.44.jar:/Users/andrewmcclelland/.m2/repository/org/apache/tomcat/embed/tomcat-embed-websocket/10.1.44/tomcat-embed-websocket-10.1.44.jar:/Users/andrewmcclelland/.m2/repository/org/springframework/spring-web/6.2.10/spring-web-6.2.10.jar:/Users/andrewmcclelland/.m2/repository/org/springframework/spring-beans/6.2.10/spring-beans-6.2.10.jar:/Users/andrewmcclelland/.m2/repository/org/springframework/spring-webmvc/6.2.10/spring-webmvc-6.2.10.jar:/Users/andrewmcclelland/.m2/repository/org/springframework/spring-context/6.2.10/spring-context-6.2.10.jar:/Users/andrewmcclelland/.m2/repository/org/springframework/spring-expression/6.2.10/spring-expression-6.2.10.jar:/Users/andrewmcclelland/.m2/repository/org/springframework/boot/spring-boot-starter-actuator/3.5.5/spring-boot-starter-actuator-3.5.5.jar:/Users/andrewmcclelland/.m2/repository/org/springframework/boot/spring-boot-actuator-autoconfigure/3.5.5/spring-boot-actuator-autoconfigure-3.5.5.jar:/Users/andrewmcclelland/.m2/repository/org/springframework/boot/spring-boot-actuator/3.5.5/spring-boot-actuator-3.5.5.jar:/Users/andrewmcclelland/.m2/repository/io/micrometer/micrometer-observation/1.15.3/micrometer-observation-1.15.3.jar:/Users/andrewmcclelland/.m2/repository/io/micrometer/micrometer-commons/1.15.3/micrometer-commons-1.15.3.jar:/Users/andrewmcclelland/.m2/repository/io/micrometer/micrometer-jakarta9/1.15.3/micrometer-jakarta9-1.15.3.jar:/Users/andrewmcclelland/.m2/repository/io/micrometer/micrometer-core/1.15.3/micrometer-core-1.15.3.jar:/Users/andrewmcclelland/.m2/repository/org/hdrhistogram/HdrHistogram/2.2.2/HdrHistogram-2.2.2.jar:/Users/andrewmcclelland/.m2/repository/org/latencyutils/LatencyUtils/2.0.3/LatencyUtils-2.0.3.jar:/Users/andrewmcclelland/.m2/repository/org/springframework/boot/spring-boot-starter-security/3.5.5/spring-boot-starter-security-3.5.5.jar:/Users/andrewmcclelland/.m2/repository/org/springframework/spring-aop/6.2.10/spring-aop-6.2.10.jar:/Users/andrewmcclelland/.m2/repository/org/springframework/security/spring-security-config/6.5.3/spring-security-config-6.5.3.jar:/Users/andrewmcclelland/.m2/repository/org/springframework/security/spring-security-web/6.5.3/spring-security-web-6.5.3.jar:/Users/andrewmcclelland/.m2/repository/org/springframework/boot/spring-boot-starter-oauth2-resource-server/3.5.5/spring-boot-starter-oauth2-resource-server-3.5.5.jar:/Users/andrewmcclelland/.m2/repository/org/springframework/security/spring-security-core/6.5.3/spring-security-core-6.5.3.jar:/Users/andrewmcclelland/.m2/repository/org/springframework/security/spring-security-crypto/6.5.3/spring-security-crypto-6.5.3.jar:/Users/andrewmcclelland/.m2/repository/org/springframework/security/spring-security-oauth2-resource-server/6.5.3/spring-security-oauth2-resource-server-6.5.3.jar:/Users/andrewmcclelland/.m2/repository/org/springframework/security/spring-security-oauth2-jose/6.5.3/spring-security-oauth2-jose-6.5.3.jar:/Users/andrewmcclelland/.m2/repository/org/springframework/security/spring-security-oauth2-core/6.5.3/spring-security-oauth2-core-6.5.3.jar:/Users/andrewmcclelland/.m2/repository/org/springframework/spring-core/6.2.10/spring-core-6.2.10.jar:/Users/andrewmcclelland/.m2/repository/org/springframework/spring-jcl/6.2.10/spring-jcl-6.2.10.jar:/Users/andrewmcclelland/.m2/repository/com/nimbusds/nimbus-jose-jwt/9.37.3/nimbus-jose-jwt-9.37.3.jar:/Users/andrewmcclelland/.m2/repository/com/github/stephenc/jcip/jcip-annotations/1.0-1/jcip-annotations-1.0-1.jar:/Users/andrewmcclelland/.m2/repository/org/springframework/boot/spring-boot-starter-data-jpa/3.5.5/spring-boot-starter-data-jpa-3.5.5.jar:/Users/andrewmcclelland/.m2/repository/org/springframework/boot/spring-boot-starter-jdbc/3.5.5/spring-boot-starter-jdbc-3.5.5.jar:/Users/andrewmcclelland/.m2/repository/com/zaxxer/HikariCP/6.3.2/HikariCP-6.3.2.jar:/Users/andrewmcclelland/.m2/repository/org/springframework/spring-jdbc/6.2.10/spring-jdbc-6.2.10.jar:/Users/andrewmcclelland/.m2/repository/org/hibernate/orm/hibernate-core/6.6.26.Final/hibernate-core-6.6.26.Final.jar:/Users/andrewmcclelland/.m2/repository/jakarta/persistence/jakarta.persistence-api/3.1.0/jakarta.persistence-api-3.1.0.jar:/Users/andrewmcclelland/.m2/repository/jakarta/transaction/jakarta.transaction-api/2.0.1/jakarta.transaction-api-2.0.1.jar:/Users/andrewmcclelland/.m2/repository/org/jboss/logging/jboss-logging/3.6.1.Final/jboss-logging-3.6.1.Final.jar:/Users/andrewmcclelland/.m2/repository/org/hibernate/common/hibernate-commons-annotations/7.0.3.Final/hibernate-commons-annotations-7.0.3.Final.jar:/Users/andrewmcclelland/.m2/repository/io/smallrye/jandex/3.2.0/jandex-3.2.0.jar:/Users/andrewmcclelland/.m2/repository/com/fasterxml/classmate/1.7.0/classmate-1.7.0.jar:/Users/andrewmcclelland/.m2/repository/net/bytebuddy/byte-buddy/1.17.7/byte-buddy-1.17.7.jar:/Users/andrewmcclelland/.m2/repository/org/glassfish/jaxb/jaxb-runtime/4.0.5/jaxb-runtime-4.0.5.jar:/Users/andrewmcclelland/.m2/repository/org/glassfish/jaxb/jaxb-core/4.0.5/jaxb-core-4.0.5.jar:/Users/andrewmcclelland/.m2/repository/org/eclipse/angus/angus-activation/2.0.2/angus-activation-2.0.2.jar:/Users/andrewmcclelland/.m2/repository/org/glassfish/jaxb/txw2/4.0.5/txw2-4.0.5.jar:/Users/andrewmcclelland/.m2/repository/com/sun/istack/istack-commons-runtime/4.1.2/istack-commons-runtime-4.1.2.jar:/Users/andrewmcclelland/.m2/repository/jakarta/inject/jakarta.inject-api/2.0.1/jakarta.inject-api-2.0.1.jar:/Users/andrewmcclelland/.m2/repository/org/antlr/antlr4-runtime/4.13.0/antlr4-runtime-4.13.0.jar:/Users/andrewmcclelland/.m2/repository/org/springframework/data/spring-data-jpa/3.5.3/spring-data-jpa-3.5.3.jar:/Users/andrewmcclelland/.m2/repository/org/springframework/data/spring-data-commons/3.5.3/spring-data-commons-3.5.3.jar:/Users/andrewmcclelland/.m2/repository/org/springframework/spring-orm/6.2.10/spring-orm-6.2.10.jar:/Users/andrewmcclelland/.m2/repository/org/springframework/spring-tx/6.2.10/spring-tx-6.2.10.jar:/Users/andrewmcclelland/.m2/repository/org/slf4j/slf4j-api/2.0.17/slf4j-api-2.0.17.jar:/Users/andrewmcclelland/.m2/repository/org/springframework/spring-aspects/6.2.10/spring-aspects-6.2.10.jar:/Users/andrewmcclelland/.m2/repository/org/aspectj/aspectjweaver/1.9.24/aspectjweaver-1.9.24.jar:/Users/andrewmcclelland/.m2/repository/org/springframework/boot/spring-boot-configuration-processor/3.5.5/spring-boot-configuration-processor-3.5.5.jar:/Users/andrewmcclelland/.m2/repository/org/springframework/boot/spring-boot-starter-webflux/3.5.5/spring-boot-starter-webflux-3.5.5.jar:/Users/andrewmcclelland/.m2/repository/org/springframework/boot/spring-boot-starter-reactor-netty/3.5.5/spring-boot-starter-reactor-netty-3.5.5.jar:/Users/andrewmcclelland/.m2/repository/io/projectreactor/netty/reactor-netty-http/1.2.9/reactor-netty-http-1.2.9.jar:/Users/andrewmcclelland/.m2/repository/io/netty/netty-codec-http/4.1.124.Final/netty-codec-http-4.1.124.Final.jar:/Users/andrewmcclelland/.m2/repository/io/netty/netty-common/4.1.124.Final/netty-common-4.1.124.Final.jar:/Users/andrewmcclelland/.m2/repository/io/netty/netty-buffer/4.1.124.Final/netty-buffer-4.1.124.Final.jar:/Users/andrewmcclelland/.m2/repository/io/netty/netty-transport/4.1.124.Final/netty-transport-4.1.124.Final.jar:/Users/andrewmcclelland/.m2/repository/io/netty/netty-codec/4.1.124.Final/netty-codec-4.1.124.Final.jar:/Users/andrewmcclelland/.m2/repository/io/netty/netty-handler/4.1.124.Final/netty-handler-4.1.124.Final.jar:/Users/andrewmcclelland/.m2/repository/io/netty/netty-codec-http2/4.1.124.Final/netty-codec-http2-4.1.124.Final.jar:/Users/andrewmcclelland/.m2/repository/io/netty/netty-resolver-dns/4.1.124.Final/netty-resolver-dns-4.1.124.Final.jar:/Users/andrewmcclelland/.m2/repository/io/netty/netty-resolver/4.1.124.Final/netty-resolver-4.1.124.Final.jar:/Users/andrewmcclelland/.m2/repository/io/netty/netty-codec-dns/4.1.124.Final/netty-codec-dns-4.1.124.Final.jar:/Users/andrewmcclelland/.m2/repository/io/netty/netty-resolver-dns-native-macos/4.1.124.Final/netty-resolver-dns-native-macos-4.1.124.Final-osx-x86_64.jar:/Users/andrewmcclelland/.m2/repository/io/netty/netty-resolver-dns-classes-macos/4.1.124.Final/netty-resolver-dns-classes-macos-4.1.124.Final.jar:/Users/andrewmcclelland/.m2/repository/io/netty/netty-transport-native-epoll/4.1.124.Final/netty-transport-native-epoll-4.1.124.Final-linux-x86_64.jar:/Users/andrewmcclelland/.m2/repository/io/netty/netty-transport-native-unix-common/4.1.124.Final/netty-transport-native-unix-common-4.1.124.Final.jar:/Users/andrewmcclelland/.m2/repository/io/netty/netty-transport-classes-epoll/4.1.124.Final/netty-transport-classes-epoll-4.1.124.Final.jar:/Users/andrewmcclelland/.m2/repository/io/projectreactor/netty/reactor-netty-core/1.2.9/reactor-netty-core-1.2.9.jar:/Users/andrewmcclelland/.m2/repository/io/netty/netty-handler-proxy/4.1.124.Final/netty-handler-proxy-4.1.124.Final.jar:/Users/andrewmcclelland/.m2/repository/io/netty/netty-codec-socks/4.1.124.Final/netty-codec-socks-4.1.124.Final.jar:/Users/andrewmcclelland/.m2/repository/org/springframework/spring-webflux/6.2.10/spring-webflux-6.2.10.jar:/Users/andrewmcclelland/.m2/repository/io/projectreactor/reactor-core/3.7.9/reactor-core-3.7.9.jar:/Users/andrewmcclelland/.m2/repository/org/reactivestreams/reactive-streams/1.0.4/reactive-streams-1.0.4.jar:/Users/andrewmcclelland/.m2/repository/com/h2database/h2/2.3.232/h2-2.3.232.jar:/Users/andrewmcclelland/.m2/repository/org/springframework/boot/spring-boot-starter-test/3.5.5/spring-boot-starter-test-3.5.5.jar:/Users/andrewmcclelland/.m2/repository/org/springframework/boot/spring-boot-test/3.5.5/spring-boot-test-3.5.5.jar:/Users/andrewmcclelland/.m2/repository/org/springframework/boot/spring-boot-test-autoconfigure/3.5.5/spring-boot-test-autoconfigure-3.5.5.jar:/Users/andrewmcclelland/.m2/repository/com/jayway/jsonpath/json-path/2.9.0/json-path-2.9.0.jar:/Users/andrewmcclelland/.m2/repository/jakarta/xml/bind/jakarta.xml.bind-api/4.0.2/jakarta.xml.bind-api-4.0.2.jar:/Users/andrewmcclelland/.m2/repository/jakarta/activation/jakarta.activation-api/2.1.3/jakarta.activation-api-2.1.3.jar:/Users/andrewmcclelland/.m2/repository/net/minidev/json-smart/2.5.2/json-smart-2.5.2.jar:/Users/andrewmcclelland/.m2/repository/net/minidev/accessors-smart/2.5.2/accessors-smart-2.5.2.jar:/Users/andrewmcclelland/.m2/repository/org/ow2/asm/asm/9.7.1/asm-9.7.1.jar:/Users/andrewmcclelland/.m2/repository/org/assertj/assertj-core/3.27.4/assertj-core-3.27.4.jar:/Users/andrewmcclelland/.m2/repository/org/awaitility/awaitility/4.2.2/awaitility-4.2.2.jar:/Users/andrewmcclelland/.m2/repository/org/hamcrest/hamcrest/3.0/hamcrest-3.0.jar:/Users/andrewmcclelland/.m2/repository/org/junit/jupiter/junit-jupiter/5.12.2/junit-jupiter-5.12.2.jar:/Users/andrewmcclelland/.m2/repository/org/junit/jupiter/junit-jupiter-api/5.12.2/junit-jupiter-api-5.12.2.jar:/Users/andrewmcclelland/.m2/repository/org/opentest4j/opentest4j/1.3.0/opentest4j-1.3.0.jar:/Users/andrewmcclelland/.m2/repository/org/junit/platform/junit-platform-commons/1.12.2/junit-platform-commons-1.12.2.jar:/Users/andrewmcclelland/.m2/repository/org/apiguardian/apiguardian-api/1.1.2/apiguardian-api-1.1.2.jar:/Users/andrewmcclelland/.m2/repository/org/junit/jupiter/junit-jupiter-params/5.12.2/junit-jupiter-params-5.12.2.jar:/Users/andrewmcclelland/.m2/repository/org/junit/jupiter/junit-jupiter-engine/5.12.2/junit-jupiter-engine-5.12.2.jar:/Users/andrewmcclelland/.m2/repository/org/junit/platform/junit-platform-engine/1.12.2/junit-platform-engine-1.12.2.jar:/Users/andrewmcclelland/.m2/repository/org/mockito/mockito-core/5.17.0/mockito-core-5.17.0.jar:/Users/andrewmcclelland/.m2/repository/net/bytebuddy/byte-buddy-agent/1.17.7/byte-buddy-agent-1.17.7.jar:/Users/andrewmcclelland/.m2/repository/org/objenesis/objenesis/3.3/objenesis-3.3.jar:/Users/andrewmcclelland/.m2/repository/org/mockito/mockito-junit-jupiter/5.17.0/mockito-junit-jupiter-5.17.0.jar:/Users/andrewmcclelland/.m2/repository/org/skyscreamer/jsonassert/1.5.3/jsonassert-1.5.3.jar:/Users/andrewmcclelland/.m2/repository/com/vaadin/external/google/android-json/0.0.20131108.vaadin1/android-json-0.0.20131108.vaadin1.jar:/Users/andrewmcclelland/.m2/repository/org/springframework/spring-test/6.2.10/spring-test-6.2.10.jar:/Users/andrewmcclelland/.m2/repository/org/xmlunit/xmlunit-core/2.10.3/xmlunit-core-2.10.3.jar:/Users/andrewmcclelland/.m2/repository/org/flywaydb/flyway-core/11.10.0/flyway-core-11.10.0.jar:/Users/andrewmcclelland/.m2/repository/com/fasterxml/jackson/core/jackson-databind/2.19.2/jackson-databind-2.19.2.jar:/Users/andrewmcclelland/.m2/repository/com/fasterxml/jackson/core/jackson-annotations/2.19.2/jackson-annotations-2.19.2.jar:/Users/andrewmcclelland/.m2/repository/com/fasterxml/jackson/core/jackson-core/2.19.2/jackson-core-2.19.2.jar:/Users/andrewmcclelland/.m2/repository/org/flywaydb/flyway-database-postgresql/11.10.0/flyway-database-postgresql-11.10.0.jar:/Users/andrewmcclelland/.m2/repository/org/postgresql/postgresql/42.7.7/postgresql-42.7.7.jar:/Users/andrewmcclelland/.m2/repository/org/checkerframework/checker-qual/3.49.3/checker-qual-3.49.3.jar:"/>
    <property name="java.vm.vendor" value="BellSoft"/>
    <property name="sun.arch.data.model" value="64"/>
    <property name="java.vendor.url" value="https://bell-sw.com/"/>
    <property name="user.timezone" value="Europe/London"/>
    <property name="org.jboss.logging.provider" value="slf4j"/>
    <property name="os.name" value="Mac OS X"/>
    <property name="java.vm.specification.version" value="17"/>
    <property name="sun.java.launcher" value="SUN_STANDARD"/>
    <property name="user.country" value="GB"/>
    <property name="sun.boot.library.path" value="/Library/Java/JavaVirtualMachines/liberica-jdk-17.jdk/Contents/Home/lib"/>
    <property name="sun.java.command" value="/Users/andrewmcclelland/Documents/spotify-track-explorer/ste-server/target/surefire/surefirebooter-20250919125023969_3.jar /Users/andrewmcclelland/Documents/spotify-track-explorer/ste-server/target/surefire 2025-09-19T12-50-23_834-jvmRun1 surefire-20250919125023969_1tmp surefire_0-20250919125023969_2tmp"/>
    <property name="http.nonProxyHosts" value="local|*.local|169.254/16|*.169.254/16"/>
    <property name="jdk.debug" value="release"/>
    <property name="surefire.test.class.path" value="/Users/andrewmcclelland/Documents/spotify-track-explorer/ste-server/target/test-classes:/Users/andrewmcclelland/Documents/spotify-track-explorer/ste-server/target/classes:/Users/andrewmcclelland/.m2/repository/org/springframework/boot/spring-boot-starter-web/3.5.5/spring-boot-starter-web-3.5.5.jar:/Users/andrewmcclelland/.m2/repository/org/springframework/boot/spring-boot-starter/3.5.5/spring-boot-starter-3.5.5.jar:/Users/andrewmcclelland/.m2/repository/org/springframework/boot/spring-boot/3.5.5/spring-boot-3.5.5.jar:/Users/andrewmcclelland/.m2/repository/org/springframework/boot/spring-boot-autoconfigure/3.5.5/spring-boot-autoconfigure-3.5.5.jar:/Users/andrewmcclelland/.m2/repository/org/springframework/boot/spring-boot-starter-logging/3.5.5/spring-boot-starter-logging-3.5.5.jar:/Users/andrewmcclelland/.m2/repository/ch/qos/logback/logback-classic/1.5.18/logback-classic-1.5.18.jar:/Users/andrewmcclelland/.m2/repository/ch/qos/logback/logback-core/1.5.18/logback-core-1.5.18.jar:/Users/andrewmcclelland/.m2/repository/org/apache/logging/log4j/log4j-to-slf4j/2.24.3/log4j-to-slf4j-2.24.3.jar:/Users/andrewmcclelland/.m2/repository/org/apache/logging/log4j/log4j-api/2.24.3/log4j-api-2.24.3.jar:/Users/andrewmcclelland/.m2/repository/org/slf4j/jul-to-slf4j/2.0.17/jul-to-slf4j-2.0.17.jar:/Users/andrewmcclelland/.m2/repository/jakarta/annotation/jakarta.annotation-api/2.1.1/jakarta.annotation-api-2.1.1.jar:/Users/andrewmcclelland/.m2/repository/org/yaml/snakeyaml/2.4/snakeyaml-2.4.jar:/Users/andrewmcclelland/.m2/repository/org/springframework/boot/spring-boot-starter-json/3.5.5/spring-boot-starter-json-3.5.5.jar:/Users/andrewmcclelland/.m2/repository/com/fasterxml/jackson/datatype/jackson-datatype-jdk8/2.19.2/jackson-datatype-jdk8-2.19.2.jar:/Users/andrewmcclelland/.m2/repository/com/fasterxml/jackson/datatype/jackson-datatype-jsr310/2.19.2/jackson-datatype-jsr310-2.19.2.jar:/Users/andrewmcclelland/.m2/repository/com/fasterxml/jackson/module/jackson-module-parameter-names/2.19.2/jackson-module-parameter-names-2.19.2.jar:/Users/andrewmcclelland/.m2/repository/org/springframework/boot/spring-boot-starter-tomcat/3.5.5/spring-boot-starter-tomcat-3.5.5.jar:/Users/andrewmcclelland/.m2/repository/org/apache/tomcat/embed/tomcat-embed-core/10.1.44/tomcat-embed-core-10.1.44.jar:/Users/andrewmcclelland/.m2/repository/org/apache/tomcat/embed/tomcat-embed-el/10.1.44/tomcat-embed-el-10.1.44.jar:/Users/andrewmcclelland/.m2/repository/org/apache/tomcat/embed/tomcat-embed-websocket/10.1.44/tomcat-embed-websocket-10.1.44.jar:/Users/andrewmcclelland/.m2/repository/org/springframework/spring-web/6.2.10/spring-web-6.2.10.jar:/Users/andrewmcclelland/.m2/repository/org/springframework/spring-beans/6.2.10/spring-beans-6.2.10.jar:/Users/andrewmcclelland/.m2/repository/org/springframework/spring-webmvc/6.2.10/spring-webmvc-6.2.10.jar:/Users/andrewmcclelland/.m2/repository/org/springframework/spring-context/6.2.10/spring-context-6.2.10.jar:/Users/andrewmcclelland/.m2/repository/org/springframework/spring-expression/6.2.10/spring-expression-6.2.10.jar:/Users/andrewmcclelland/.m2/repository/org/springframework/boot/spring-boot-starter-actuator/3.5.5/spring-boot-starter-actuator-3.5.5.jar:/Users/andrewmcclelland/.m2/repository/org/springframework/boot/spring-boot-actuator-autoconfigure/3.5.5/spring-boot-actuator-autoconfigure-3.5.5.jar:/Users/andrewmcclelland/.m2/repository/org/springframework/boot/spring-boot-actuator/3.5.5/spring-boot-actuator-3.5.5.jar:/Users/andrewmcclelland/.m2/repository/io/micrometer/micrometer-observation/1.15.3/micrometer-observation-1.15.3.jar:/Users/andrewmcclelland/.m2/repository/io/micrometer/micrometer-commons/1.15.3/micrometer-commons-1.15.3.jar:/Users/andrewmcclelland/.m2/repository/io/micrometer/micrometer-jakarta9/1.15.3/micrometer-jakarta9-1.15.3.jar:/Users/andrewmcclelland/.m2/repository/io/micrometer/micrometer-core/1.15.3/micrometer-core-1.15.3.jar:/Users/andrewmcclelland/.m2/repository/org/hdrhistogram/HdrHistogram/2.2.2/HdrHistogram-2.2.2.jar:/Users/andrewmcclelland/.m2/repository/org/latencyutils/LatencyUtils/2.0.3/LatencyUtils-2.0.3.jar:/Users/andrewmcclelland/.m2/repository/org/springframework/boot/spring-boot-starter-security/3.5.5/spring-boot-starter-security-3.5.5.jar:/Users/andrewmcclelland/.m2/repository/org/springframework/spring-aop/6.2.10/spring-aop-6.2.10.jar:/Users/andrewmcclelland/.m2/repository/org/springframework/security/spring-security-config/6.5.3/spring-security-config-6.5.3.jar:/Users/andrewmcclelland/.m2/repository/org/springframework/security/spring-security-web/6.5.3/spring-security-web-6.5.3.jar:/Users/andrewmcclelland/.m2/repository/org/springframework/boot/spring-boot-starter-oauth2-resource-server/3.5.5/spring-boot-starter-oauth2-resource-server-3.5.5.jar:/Users/andrewmcclelland/.m2/repository/org/springframework/security/spring-security-core/6.5.3/spring-security-core-6.5.3.jar:/Users/andrewmcclelland/.m2/repository/org/springframework/security/spring-security-crypto/6.5.3/spring-security-crypto-6.5.3.jar:/Users/andrewmcclelland/.m2/repository/org/springframework/security/spring-security-oauth2-resource-server/6.5.3/spring-security-oauth2-resource-server-6.5.3.jar:/Users/andrewmcclelland/.m2/repository/org/springframework/security/spring-security-oauth2-jose/6.5.3/spring-security-oauth2-jose-6.5.3.jar:/Users/andrewmcclelland/.m2/repository/org/springframework/security/spring-security-oauth2-core/6.5.3/spring-security-oauth2-core-6.5.3.jar:/Users/andrewmcclelland/.m2/repository/org/springframework/spring-core/6.2.10/spring-core-6.2.10.jar:/Users/andrewmcclelland/.m2/repository/org/springframework/spring-jcl/6.2.10/spring-jcl-6.2.10.jar:/Users/andrewmcclelland/.m2/repository/com/nimbusds/nimbus-jose-jwt/9.37.3/nimbus-jose-jwt-9.37.3.jar:/Users/andrewmcclelland/.m2/repository/com/github/stephenc/jcip/jcip-annotations/1.0-1/jcip-annotations-1.0-1.jar:/Users/andrewmcclelland/.m2/repository/org/springframework/boot/spring-boot-starter-data-jpa/3.5.5/spring-boot-starter-data-jpa-3.5.5.jar:/Users/andrewmcclelland/.m2/repository/org/springframework/boot/spring-boot-starter-jdbc/3.5.5/spring-boot-starter-jdbc-3.5.5.jar:/Users/andrewmcclelland/.m2/repository/com/zaxxer/HikariCP/6.3.2/HikariCP-6.3.2.jar:/Users/andrewmcclelland/.m2/repository/org/springframework/spring-jdbc/6.2.10/spring-jdbc-6.2.10.jar:/Users/andrewmcclelland/.m2/repository/org/hibernate/orm/hibernate-core/6.6.26.Final/hibernate-core-6.6.26.Final.jar:/Users/andrewmcclelland/.m2/repository/jakarta/persistence/jakarta.persistence-api/3.1.0/jakarta.persistence-api-3.1.0.jar:/Users/andrewmcclelland/.m2/repository/jakarta/transaction/jakarta.transaction-api/2.0.1/jakarta.transaction-api-2.0.1.jar:/Users/andrewmcclelland/.m2/repository/org/jboss/logging/jboss-logging/3.6.1.Final/jboss-logging-3.6.1.Final.jar:/Users/andrewmcclelland/.m2/repository/org/hibernate/common/hibernate-commons-annotations/7.0.3.Final/hibernate-commons-annotations-7.0.3.Final.jar:/Users/andrewmcclelland/.m2/repository/io/smallrye/jandex/3.2.0/jandex-3.2.0.jar:/Users/andrewmcclelland/.m2/repository/com/fasterxml/classmate/1.7.0/classmate-1.7.0.jar:/Users/andrewmcclelland/.m2/repository/net/bytebuddy/byte-buddy/1.17.7/byte-buddy-1.17.7.jar:/Users/andrewmcclelland/.m2/repository/org/glassfish/jaxb/jaxb-runtime/4.0.5/jaxb-runtime-4.0.5.jar:/Users/andrewmcclelland/.m2/repository/org/glassfish/jaxb/jaxb-core/4.0.5/jaxb-core-4.0.5.jar:/Users/andrewmcclelland/.m2/repository/org/eclipse/angus/angus-activation/2.0.2/angus-activation-2.0.2.jar:/Users/andrewmcclelland/.m2/repository/org/glassfish/jaxb/txw2/4.0.5/txw2-4.0.5.jar:/Users/andrewmcclelland/.m2/repository/com/sun/istack/istack-commons-runtime/4.1.2/istack-commons-runtime-4.1.2.jar:/Users/andrewmcclelland/.m2/repository/jakarta/inject/jakarta.inject-api/2.0.1/jakarta.inject-api-2.0.1.jar:/Users/andrewmcclelland/.m2/repository/org/antlr/antlr4-runtime/4.13.0/antlr4-runtime-4.13.0.jar:/Users/andrewmcclelland/.m2/repository/org/springframework/data/spring-data-jpa/3.5.3/spring-data-jpa-3.5.3.jar:/Users/andrewmcclelland/.m2/repository/org/springframework/data/spring-data-commons/3.5.3/spring-data-commons-3.5.3.jar:/Users/andrewmcclelland/.m2/repository/org/springframework/spring-orm/6.2.10/spring-orm-6.2.10.jar:/Users/andrewmcclelland/.m2/repository/org/springframework/spring-tx/6.2.10/spring-tx-6.2.10.jar:/Users/andrewmcclelland/.m2/repository/org/slf4j/slf4j-api/2.0.17/slf4j-api-2.0.17.jar:/Users/andrewmcclelland/.m2/repository/org/springframework/spring-aspects/6.2.10/spring-aspects-6.2.10.jar:/Users/andrewmcclelland/.m2/repository/org/aspectj/aspectjweaver/1.9.24/aspectjweaver-1.9.24.jar:/Users/andrewmcclelland/.m2/repository/org/springframework/boot/spring-boot-configuration-processor/3.5.5/spring-boot-configuration-processor-3.5.5.jar:/Users/andrewmcclelland/.m2/repository/org/springframework/boot/spring-boot-starter-webflux/3.5.5/spring-boot-starter-webflux-3.5.5.jar:/Users/andrewmcclelland/.m2/repository/org/springframework/boot/spring-boot-starter-reactor-netty/3.5.5/spring-boot-starter-reactor-netty-3.5.5.jar:/Users/andrewmcclelland/.m2/repository/io/projectreactor/netty/reactor-netty-http/1.2.9/reactor-netty-http-1.2.9.jar:/Users/andrewmcclelland/.m2/repository/io/netty/netty-codec-http/4.1.124.Final/netty-codec-http-4.1.124.Final.jar:/Users/andrewmcclelland/.m2/repository/io/netty/netty-common/4.1.124.Final/netty-common-4.1.124.Final.jar:/Users/andrewmcclelland/.m2/repository/io/netty/netty-buffer/4.1.124.Final/netty-buffer-4.1.124.Final.jar:/Users/andrewmcclelland/.m2/repository/io/netty/netty-transport/4.1.124.Final/netty-transport-4.1.124.Final.jar:/Users/andrewmcclelland/.m2/repository/io/netty/netty-codec/4.1.124.Final/netty-codec-4.1.124.Final.jar:/Users/andrewmcclelland/.m2/repository/io/netty/netty-handler/4.1.124.Final/netty-handler-4.1.124.Final.jar:/Users/andrewmcclelland/.m2/repository/io/netty/netty-codec-http2/4.1.124.Final/netty-codec-http2-4.1.124.Final.jar:/Users/andrewmcclelland/.m2/repository/io/netty/netty-resolver-dns/4.1.124.Final/netty-resolver-dns-4.1.124.Final.jar:/Users/andrewmcclelland/.m2/repository/io/netty/netty-resolver/4.1.124.Final/netty-resolver-4.1.124.Final.jar:/Users/andrewmcclelland/.m2/repository/io/netty/netty-codec-dns/4.1.124.Final/netty-codec-dns-4.1.124.Final.jar:/Users/andrewmcclelland/.m2/repository/io/netty/netty-resolver-dns-native-macos/4.1.124.Final/netty-resolver-dns-native-macos-4.1.124.Final-osx-x86_64.jar:/Users/andrewmcclelland/.m2/repository/io/netty/netty-resolver-dns-classes-macos/4.1.124.Final/netty-resolver-dns-classes-macos-4.1.124.Final.jar:/Users/andrewmcclelland/.m2/repository/io/netty/netty-transport-native-epoll/4.1.124.Final/netty-transport-native-epoll-4.1.124.Final-linux-x86_64.jar:/Users/andrewmcclelland/.m2/repository/io/netty/netty-transport-native-unix-common/4.1.124.Final/netty-transport-native-unix-common-4.1.124.Final.jar:/Users/andrewmcclelland/.m2/repository/io/netty/netty-transport-classes-epoll/4.1.124.Final/netty-transport-classes-epoll-4.1.124.Final.jar:/Users/andrewmcclelland/.m2/repository/io/projectreactor/netty/reactor-netty-core/1.2.9/reactor-netty-core-1.2.9.jar:/Users/andrewmcclelland/.m2/repository/io/netty/netty-handler-proxy/4.1.124.Final/netty-handler-proxy-4.1.124.Final.jar:/Users/andrewmcclelland/.m2/repository/io/netty/netty-codec-socks/4.1.124.Final/netty-codec-socks-4.1.124.Final.jar:/Users/andrewmcclelland/.m2/repository/org/springframework/spring-webflux/6.2.10/spring-webflux-6.2.10.jar:/Users/andrewmcclelland/.m2/repository/io/projectreactor/reactor-core/3.7.9/reactor-core-3.7.9.jar:/Users/andrewmcclelland/.m2/repository/org/reactivestreams/reactive-streams/1.0.4/reactive-streams-1.0.4.jar:/Users/andrewmcclelland/.m2/repository/com/h2database/h2/2.3.232/h2-2.3.232.jar:/Users/andrewmcclelland/.m2/repository/org/springframework/boot/spring-boot-starter-test/3.5.5/spring-boot-starter-test-3.5.5.jar:/Users/andrewmcclelland/.m2/repository/org/springframework/boot/spring-boot-test/3.5.5/spring-boot-test-3.5.5.jar:/Users/andrewmcclelland/.m2/repository/org/springframework/boot/spring-boot-test-autoconfigure/3.5.5/spring-boot-test-autoconfigure-3.5.5.jar:/Users/andrewmcclelland/.m2/repository/com/jayway/jsonpath/json-path/2.9.0/json-path-2.9.0.jar:/Users/andrewmcclelland/.m2/repository/jakarta/xml/bind/jakarta.xml.bind-api/4.0.2/jakarta.xml.bind-api-4.0.2.jar:/Users/andrewmcclelland/.m2/repository/jakarta/activation/jakarta.activation-api/2.1.3/jakarta.activation-api-2.1.3.jar:/Users/andrewmcclelland/.m2/repository/net/minidev/json-smart/2.5.2/json-smart-2.5.2.jar:/Users/andrewmcclelland/.m2/repository/net/minidev/accessors-smart/2.5.2/accessors-smart-2.5.2.jar:/Users/andrewmcclelland/.m2/repository/org/ow2/asm/asm/9.7.1/asm-9.7.1.jar:/Users/andrewmcclelland/.m2/repository/org/assertj/assertj-core/3.27.4/assertj-core-3.27.4.jar:/Users/andrewmcclelland/.m2/repository/org/awaitility/awaitility/4.2.2/awaitility-4.2.2.jar:/Users/andrewmcclelland/.m2/repository/org/hamcrest/hamcrest/3.0/hamcrest-3.0.jar:/Users/andrewmcclelland/.m2/repository/org/junit/jupiter/junit-jupiter/5.12.2/junit-jupiter-5.12.2.jar:/Users/andrewmcclelland/.m2/repository/org/junit/jupiter/junit-jupiter-api/5.12.2/junit-jupiter-api-5.12.2.jar:/Users/andrewmcclelland/.m2/repository/org/opentest4j/opentest4j/1.3.0/opentest4j-1.3.0.jar:/Users/andrewmcclelland/.m2/repository/org/junit/platform/junit-platform-commons/1.12.2/junit-platform-commons-1.12.2.jar:/Users/andrewmcclelland/.m2/repository/org/apiguardian/apiguardian-api/1.1.2/apiguardian-api-1.1.2.jar:/Users/andrewmcclelland/.m2/repository/org/junit/jupiter/junit-jupiter-params/5.12.2/junit-jupiter-params-5.12.2.jar:/Users/andrewmcclelland/.m2/repository/org/junit/jupiter/junit-jupiter-engine/5.12.2/junit-jupiter-engine-5.12.2.jar:/Users/andrewmcclelland/.m2/repository/org/junit/platform/junit-platform-engine/1.12.2/junit-platform-engine-1.12.2.jar:/Users/andrewmcclelland/.m2/repository/org/mockito/mockito-core/5.17.0/mockito-core-5.17.0.jar:/Users/andrewmcclelland/.m2/repository/net/bytebuddy/byte-buddy-agent/1.17.7/byte-buddy-agent-1.17.7.jar:/Users/andrewmcclelland/.m2/repository/org/objenesis/objenesis/3.3/objenesis-3.3.jar:/Users/andrewmcclelland/.m2/repository/org/mockito/mockito-junit-jupiter/5.17.0/mockito-junit-jupiter-5.17.0.jar:/Users/andrewmcclelland/.m2/repository/org/skyscreamer/jsonassert/1.5.3/jsonassert-1.5.3.jar:/Users/andrewmcclelland/.m2/repository/com/vaadin/external/google/android-json/0.0.20131108.vaadin1/android-json-0.0.20131108.vaadin1.jar:/Users/andrewmcclelland/.m2/repository/org/springframework/spring-test/6.2.10/spring-test-6.2.10.jar:/Users/andrewmcclelland/.m2/repository/org/xmlunit/xmlunit-core/2.10.3/xmlunit-core-2.10.3.jar:/Users/andrewmcclelland/.m2/repository/org/flywaydb/flyway-core/11.10.0/flyway-core-11.10.0.jar:/Users/andrewmcclelland/.m2/repository/com/fasterxml/jackson/core/jackson-databind/2.19.2/jackson-databind-2.19.2.jar:/Users/andrewmcclelland/.m2/repository/com/fasterxml/jackson/core/jackson-annotations/2.19.2/jackson-annotations-2.19.2.jar:/Users/andrewmcclelland/.m2/repository/com/fasterxml/jackson/core/jackson-core/2.19.2/jackson-core-2.19.2.jar:/Users/andrewmcclelland/.m2/repository/org/flywaydb/flyway-database-postgresql/11.10.0/flyway-database-postgresql-11.10.0.jar:/Users/andrewmcclelland/.m2/repository/org/postgresql/postgresql/42.7.7/postgresql-42.7.7.jar:/Users/andrewmcclelland/.m2/repository/org/checkerframework/checker-qual/3.49.3/checker-qual-3.49.3.jar:"/>
    <property name="sun.cpu.endian" value="little"/>
    <property name="user.home" value="/Users/andrewmcclelland"/>
    <property name="user.language" value="en"/>
    <property name="java.specification.vendor" value="Oracle Corporation"/>
    <property name="java.version.date" value="2024-01-16"/>
    <property name="java.home" value="/Library/Java/JavaVirtualMachines/liberica-jdk-17.jdk/Contents/Home"/>
    <property name="file.separator" value="/"/>
    <property name="basedir" value="/Users/andrewmcclelland/Documents/spotify-track-explorer/ste-server"/>
    <property name="java.vm.compressedOopsMode" value="Zero based"/>
    <property name="line.separator" value="&#10;"/>
    <property name="java.vm.specification.vendor" value="Oracle Corporation"/>
    <property name="java.specification.name" value="Java Platform API Specification"/>
    <property name="FILE_LOG_CHARSET" value="UTF-8"/>
    <property name="java.awt.headless" value="true"/>
    <property name="surefire.real.class.path" value="/Users/andrewmcclelland/Documents/spotify-track-explorer/ste-server/target/surefire/surefirebooter-20250919125023969_3.jar"/>
    <property name="polyglot.engine.WarnInterpreterOnly" value="false"/>
    <property name="sun.management.compiler" value="HotSpot 64-Bit Tiered Compilers"/>
    <property name="ftp.nonProxyHosts" value="local|*.local|169.254/16|*.169.254/16"/>
    <property name="java.runtime.version" value="17.0.10+13-LTS"/>
    <property name="user.name" value="andrewmcclelland"/>
    <property name="path.separator" value=":"/>
    <property name="os.version" value="26.0"/>
    <property name="java.runtime.name" value="OpenJDK Runtime Environment"/>
    <property name="file.encoding" value="UTF-8"/>
    <property name="java.vm.name" value="OpenJDK 64-Bit Server VM"/>
    <property name="localRepository" value="/Users/andrewmcclelland/.m2/repository"/>
    <property name="java.vendor.url.bug" value="https://bell-sw.com/support"/>
    <property name="java.io.tmpdir" value="/var/folders/5_/01gk8_zd4kdf8gq8dn_x4brm0000gn/T/"/>
    <property name="com.zaxxer.hikari.pool_number" value="1"/>
    <property name="java.version" value="17.0.10"/>
    <property name="user.dir" value="/Users/andrewmcclelland/Documents/spotify-track-explorer/ste-server"/>
    <property name="os.arch" value="x86_64"/>
    <property name="java.vm.specification.name" value="Java Virtual Machine Specification"/>
    <property name="PID" value="64293"/>
    <property name="CONSOLE_LOG_CHARSET" value="UTF-8"/>
    <property name="native.encoding" value="UTF-8"/>
    <property name="java.library.path" value="/Users/andrewmcclelland/Library/Java/Extensions:/Library/Java/Extensions:/Network/Library/Java/Extensions:/System/Library/Java/Extensions:/usr/lib/java:."/>
    <property name="java.vm.info" value="mixed mode, sharing"/>
    <property name="java.vendor" value="BellSoft"/>
    <property name="java.vm.version" value="17.0.10+13-LTS"/>
    <property name="sun.io.unicode.encoding" value="UnicodeBig"/>
    <property name="socksNonProxyHosts" value="local|*.local|169.254/16|*.169.254/16"/>
    <property name="java.class.version" value="61.0"/>
  </properties>
  <testcase name="contextLoads" classname="com.amcclelland.ste_server.SteServerApplicationTests" time="0.65">
    <system-out><![CDATA[12:50:25.384 [main] INFO org.springframework.test.context.support.AnnotationConfigContextLoaderUtils -- Could not detect default configuration classes for test class [com.amcclelland.ste_server.SteServerApplicationTests]: SteServerApplicationTests does not declare any static, non-private, non-final, nested classes annotated with @Configuration.
12:50:25.615 [main] INFO org.springframework.boot.test.context.SpringBootTestContextBootstrapper -- Found @SpringBootConfiguration com.amcclelland.ste_server.SteServerApplication for test class com.amcclelland.ste_server.SteServerApplicationTests

  .   ____          _            __ _ _
 /\\ / ___'_ __ _ _(_)_ __  __ _ \ \ \ \
( ( )\___ | '_ | '_| | '_ \/ _` | \ \ \ \
 \\/  ___)| |_)| | | | | || (_| |  ) ) ) )
  '  |____| .__|_| |_|_| |_\__, | / / / /
 =========|_|==============|___/=/_/_/_/

 :: Spring Boot ::                (v3.5.5)

2025-09-19T12:50:26.458+01:00  INFO 64293 --- [           main] c.a.s.SteServerApplicationTests          : Starting SteServerApplicationTests using Java 17.0.10 with PID 64293 (started by andrewmcclelland in /Users/andrewmcclelland/Documents/spotify-track-explorer/ste-server)
2025-09-19T12:50:26.461+01:00  INFO 64293 --- [           main] c.a.s.SteServerApplicationTests          : No active profile set, falling back to 1 default profile: "default"
2025-09-19T12:50:28.735+01:00  INFO 64293 --- [           main] .s.d.r.c.RepositoryConfigurationDelegate : Bootstrapping Spring Data JPA repositories in DEFAULT mode.
2025-09-19T12:50:28.948+01:00  INFO 64293 --- [           main] .s.d.r.c.RepositoryConfigurationDelegate : Finished Spring Data repository scanning in 196 ms. Found 2 JPA repository interfaces.
2025-09-19T12:50:30.825+01:00  INFO 64293 --- [           main] com.zaxxer.hikari.HikariDataSource       : HikariPool-1 - Starting...
2025-09-19T12:50:31.163+01:00  INFO 64293 --- [           main] com.zaxxer.hikari.pool.HikariPool        : HikariPool-1 - Added connection org.postgresql.jdbc.PgConnection@ff4b223
2025-09-19T12:50:31.166+01:00  INFO 64293 --- [           main] com.zaxxer.hikari.HikariDataSource       : HikariPool-1 - Start completed.
2025-09-19T12:50:31.231+01:00  INFO 64293 --- [           main] org.flywaydb.core.FlywayExecutor         : Database: jdbc:postgresql://localhost:5432/ste (PostgreSQL 16.9)
2025-09-19T12:50:31.313+01:00  INFO 64293 --- [           main] o.f.core.internal.command.DbValidate     : Successfully validated 2 migrations (execution time 00:00.047s)
2025-09-19T12:50:31.339+01:00  INFO 64293 --- [           main] o.f.core.internal.command.DbMigrate      : Current version of schema "public": 2
2025-09-19T12:50:31.343+01:00  INFO 64293 --- [           main] o.f.core.internal.command.DbMigrate      : Schema "public" is up to date. No migration necessary.
2025-09-19T12:50:31.578+01:00  INFO 64293 --- [           main] o.hibernate.jpa.internal.util.LogHelper  : HHH000204: Processing PersistenceUnitInfo [name: default]
2025-09-19T12:50:31.632+01:00  INFO 64293 --- [           main] org.hibernate.Version                    : HHH000412: Hibernate ORM core version 6.6.26.Final
2025-09-19T12:50:31.676+01:00  INFO 64293 --- [           main] o.h.c.internal.RegionFactoryInitiator    : HHH000026: Second-level cache disabled
2025-09-19T12:50:31.951+01:00  INFO 64293 --- [           main] o.s.o.j.p.SpringPersistenceUnitInfo      : No LoadTimeWeaver setup: ignoring JPA class transformer
2025-09-19T12:50:32.026+01:00  INFO 64293 --- [           main] org.hibernate.orm.connections.pooling    : HHH10001005: Database info:
	Database JDBC URL [Connecting through datasource 'HikariDataSource (HikariPool-1)']
	Database driver: undefined/unknown
	Database version: 16.9
	Autocommit mode: undefined/unknown
	Isolation level: undefined/unknown
	Minimum pool size: undefined/unknown
	Maximum pool size: undefined/unknown
2025-09-19T12:50:32.955+01:00  INFO 64293 --- [           main] o.h.e.t.j.p.i.JtaPlatformInitiator       : HHH000489: No JTA platform available (set 'hibernate.transaction.jta.platform' to enable JTA platform integration)
2025-09-19T12:50:33.009+01:00  INFO 64293 --- [           main] j.LocalContainerEntityManagerFactoryBean : Initialized JPA EntityManagerFactory for persistence unit 'default'
2025-09-19T12:50:33.884+01:00  INFO 64293 --- [           main] r$InitializeUserDetailsManagerConfigurer : Global AuthenticationManager configured with UserDetailsService bean with name userDetailsService
2025-09-19T12:50:35.660+01:00  INFO 64293 --- [           main] o.s.b.a.e.web.EndpointLinksResolver      : Exposing 1 endpoint beneath base path '/actuator'
2025-09-19T12:50:36.829+01:00  INFO 64293 --- [           main] c.a.s.SteServerApplicationTests          : Started SteServerApplicationTests in 11.01 seconds (process running for 12.71)
]]></system-out>
  </testcase>
</testsuite>